Epoch 1/50:   0%|          | 0/1250 [00:00<?, ?batch/s]c:\Users\maxog\anaconda3\envs\torch_dml_env\lib\site-packages\torch\nn\functional.py:3244: UserWarning: The operator 'aten::log_sigmoid_forward' is not currently supported on the DML backend and will fall back to run on the CPU. This may have performance implications. (Triggered internally at C:\__w\1\s\pytorch-directml-plugin\torch_directml\csrc\dml\dml_cpu_fallback.cpp:17.)
  return torch.binary_cross_entropy_with_logits(input, target, weight, pos_weight, reduction_enum)
Epoch 1/50: 100%|██████████| 1250/1250 [21:23<00:00,  1.03s/batch, train_loss=0.0362]
Validation: 100%|██████████| 125/125 [00:21<00:00,  5.71batch/s, val_loss=0.0289]
[Epoch 1/50] Train Loss: 0.0362, Train Dice: 0.2262, Train IoU: 0.1319, Val Loss: 0.0289, Val Dice: 0.4224, Val IoU: 0.2722
Checkpoint saved to ckpt/checkpoint_epoch_1.pth
Epoch 2/50: 100%|██████████| 1250/1250 [21:20<00:00,  1.02s/batch, train_loss=0.0315]
Validation: 100%|██████████| 125/125 [00:21<00:00,  5.71batch/s, val_loss=0.0274]
[Epoch 2/50] Train Loss: 0.0315, Train Dice: 0.3183, Train IoU: 0.1936, Val Loss: 0.0274, Val Dice: 0.4484, Val IoU: 0.2932
Checkpoint saved to ckpt/checkpoint_epoch_2.pth
Epoch 3/50: 100%|██████████| 1250/1250 [21:03<00:00,  1.01s/batch, train_loss=0.0306]
Validation: 100%|██████████| 125/125 [00:21<00:00,  5.69batch/s, val_loss=0.0264]
[Epoch 3/50] Train Loss: 0.0306, Train Dice: 0.3439, Train IoU: 0.2120, Val Loss: 0.0264, Val Dice: 0.4503, Val IoU: 0.2949
Checkpoint saved to ckpt/checkpoint_epoch_3.pth
Epoch 4/50: 100%|██████████| 1250/1250 [21:06<00:00,  1.01s/batch, train_loss=0.0296]
Validation: 100%|██████████| 125/125 [00:21<00:00,  5.72batch/s, val_loss=0.0252]
[Epoch 4/50] Train Loss: 0.0296, Train Dice: 0.3682, Train IoU: 0.2310, Val Loss: 0.0252, Val Dice: 0.5056, Val IoU: 0.3431
Checkpoint saved to ckpt/checkpoint_epoch_4.pth
Epoch 5/50: 100%|██████████| 1250/1250 [21:03<00:00,  1.01s/batch, train_loss=0.029] 
Validation: 100%|██████████| 125/125 [00:21<00:00,  5.74batch/s, val_loss=0.0255]
[Epoch 5/50] Train Loss: 0.0290, Train Dice: 0.3836, Train IoU: 0.2424, Val Loss: 0.0255, Val Dice: 0.5343, Val IoU: 0.3693
Checkpoint saved to ckpt/checkpoint_epoch_5.pth
Epoch 6/50: 100%|██████████| 1250/1250 [21:04<00:00,  1.01s/batch, train_loss=0.0283]
Validation: 100%|██████████| 125/125 [00:21<00:00,  5.71batch/s, val_loss=0.0255]
[Epoch 6/50] Train Loss: 0.0283, Train Dice: 0.4003, Train IoU: 0.2557, Val Loss: 0.0255, Val Dice: 0.5389, Val IoU: 0.3733
Checkpoint saved to ckpt/checkpoint_epoch_6.pth
Epoch 7/50: 100%|██████████| 1250/1250 [21:01<00:00,  1.01s/batch, train_loss=0.0279]
Validation: 100%|██████████| 125/125 [00:21<00:00,  5.76batch/s, val_loss=0.0233]
[Epoch 7/50] Train Loss: 0.0279, Train Dice: 0.4107, Train IoU: 0.2649, Val Loss: 0.0233, Val Dice: 0.5488, Val IoU: 0.3835
Checkpoint saved to ckpt/checkpoint_epoch_7.pth
Epoch 8/50: 100%|██████████| 1250/1250 [21:01<00:00,  1.01s/batch, train_loss=0.0276]
Validation: 100%|██████████| 125/125 [00:21<00:00,  5.69batch/s, val_loss=0.0234]
[Epoch 8/50] Train Loss: 0.0276, Train Dice: 0.4190, Train IoU: 0.2717, Val Loss: 0.0234, Val Dice: 0.5526, Val IoU: 0.3868
Checkpoint saved to ckpt/checkpoint_epoch_8.pth
Epoch 9/50: 100%|██████████| 1250/1250 [21:01<00:00,  1.01s/batch, train_loss=0.0272]
Validation: 100%|██████████| 125/125 [00:21<00:00,  5.71batch/s, val_loss=0.0227]
[Epoch 9/50] Train Loss: 0.0272, Train Dice: 0.4267, Train IoU: 0.2788, Val Loss: 0.0227, Val Dice: 0.5833, Val IoU: 0.4171
Checkpoint saved to ckpt/checkpoint_epoch_9.pth
Epoch 10/50: 100%|██████████| 1250/1250 [21:01<00:00,  1.01s/batch, train_loss=0.0268]
Validation: 100%|██████████| 125/125 [00:21<00:00,  5.70batch/s, val_loss=0.0224]
[Epoch 10/50] Train Loss: 0.0268, Train Dice: 0.4374, Train IoU: 0.2871, Val Loss: 0.0224, Val Dice: 0.5696, Val IoU: 0.4037
Checkpoint saved to ckpt/checkpoint_epoch_10.pth
Epoch 11/50: 100%|██████████| 1250/1250 [21:01<00:00,  1.01s/batch, train_loss=0.0264]
Validation: 100%|██████████| 125/125 [00:21<00:00,  5.70batch/s, val_loss=0.0232]
[Epoch 11/50] Train Loss: 0.0264, Train Dice: 0.4426, Train IoU: 0.2918, Val Loss: 0.0232, Val Dice: 0.5801, Val IoU: 0.4148
Checkpoint saved to ckpt/checkpoint_epoch_11.pth
Epoch 12/50: 100%|██████████| 1250/1250 [21:01<00:00,  1.01s/batch, train_loss=0.0264]
Validation: 100%|██████████| 125/125 [00:21<00:00,  5.76batch/s, val_loss=0.0241]
[Epoch 12/50] Train Loss: 0.0264, Train Dice: 0.4452, Train IoU: 0.2935, Val Loss: 0.0241, Val Dice: 0.5618, Val IoU: 0.3953
Checkpoint saved to ckpt/checkpoint_epoch_12.pth
Epoch 13/50: 100%|██████████| 1250/1250 [21:00<00:00,  1.01s/batch, train_loss=0.026] 
Validation: 100%|██████████| 125/125 [00:21<00:00,  5.70batch/s, val_loss=0.0232]
[Epoch 13/50] Train Loss: 0.0260, Train Dice: 0.4535, Train IoU: 0.3007, Val Loss: 0.0232, Val Dice: 0.5882, Val IoU: 0.4218
Checkpoint saved to ckpt/checkpoint_epoch_13.pth
Epoch 14/50: 100%|██████████| 1250/1250 [21:01<00:00,  1.01s/batch, train_loss=0.026] 
Validation: 100%|██████████| 125/125 [00:21<00:00,  5.69batch/s, val_loss=0.0216]
[Epoch 14/50] Train Loss: 0.0260, Train Dice: 0.4576, Train IoU: 0.3049, Val Loss: 0.0216, Val Dice: 0.6100, Val IoU: 0.4435
Checkpoint saved to ckpt/checkpoint_epoch_14.pth
Epoch 15/50: 100%|██████████| 1250/1250 [20:57<00:00,  1.01s/batch, train_loss=0.0257]
Validation: 100%|██████████| 125/125 [00:21<00:00,  5.69batch/s, val_loss=0.0244]
[Epoch 15/50] Train Loss: 0.0257, Train Dice: 0.4623, Train IoU: 0.3081, Val Loss: 0.0244, Val Dice: 0.5719, Val IoU: 0.4057
Checkpoint saved to ckpt/checkpoint_epoch_15.pth
Epoch 16/50: 100%|██████████| 1250/1250 [20:57<00:00,  1.01s/batch, train_loss=0.0254]
Validation: 100%|██████████| 125/125 [00:21<00:00,  5.70batch/s, val_loss=0.0225]
[Epoch 16/50] Train Loss: 0.0254, Train Dice: 0.4677, Train IoU: 0.3130, Val Loss: 0.0225, Val Dice: 0.6120, Val IoU: 0.4467
Checkpoint saved to ckpt/checkpoint_epoch_16.pth
Epoch 17/50: 100%|██████████| 1250/1250 [20:56<00:00,  1.00s/batch, train_loss=0.0252]
Validation: 100%|██████████| 125/125 [00:21<00:00,  5.72batch/s, val_loss=0.021] 
[Epoch 17/50] Train Loss: 0.0252, Train Dice: 0.4734, Train IoU: 0.3184, Val Loss: 0.0210, Val Dice: 0.6039, Val IoU: 0.4384
Checkpoint saved to ckpt/checkpoint_epoch_17.pth
Epoch 18/50: 100%|██████████| 1250/1250 [20:57<00:00,  1.01s/batch, train_loss=0.0252]
Validation: 100%|██████████| 125/125 [00:21<00:00,  5.72batch/s, val_loss=0.0217]
[Epoch 18/50] Train Loss: 0.0252, Train Dice: 0.4751, Train IoU: 0.3196, Val Loss: 0.0217, Val Dice: 0.6096, Val IoU: 0.4437
Checkpoint saved to ckpt/checkpoint_epoch_18.pth
Epoch 19/50: 100%|██████████| 1250/1250 [20:56<00:00,  1.01s/batch, train_loss=0.0248]
Validation: 100%|██████████| 125/125 [00:21<00:00,  5.69batch/s, val_loss=0.0211]
[Epoch 19/50] Train Loss: 0.0248, Train Dice: 0.4819, Train IoU: 0.3259, Val Loss: 0.0211, Val Dice: 0.6207, Val IoU: 0.4554
Checkpoint saved to ckpt/checkpoint_epoch_19.pth
Epoch 20/50: 100%|██████████| 1250/1250 [20:56<00:00,  1.01s/batch, train_loss=0.0247]
Validation: 100%|██████████| 125/125 [00:21<00:00,  5.70batch/s, val_loss=0.0213]
[Epoch 20/50] Train Loss: 0.0247, Train Dice: 0.4849, Train IoU: 0.3282, Val Loss: 0.0213, Val Dice: 0.6051, Val IoU: 0.4392
Checkpoint saved to ckpt/checkpoint_epoch_20.pth
Epoch 21/50: 100%|██████████| 1250/1250 [20:57<00:00,  1.01s/batch, train_loss=0.0246]
Validation: 100%|██████████| 125/125 [00:21<00:00,  5.69batch/s, val_loss=0.0217]
[Epoch 21/50] Train Loss: 0.0246, Train Dice: 0.4802, Train IoU: 0.3249, Val Loss: 0.0217, Val Dice: 0.6186, Val IoU: 0.4527
Checkpoint saved to ckpt/checkpoint_epoch_21.pth
Epoch 22/50: 100%|██████████| 1250/1250 [20:56<00:00,  1.01s/batch, train_loss=0.0246]
Validation: 100%|██████████| 125/125 [00:21<00:00,  5.70batch/s, val_loss=0.0209]
[Epoch 22/50] Train Loss: 0.0246, Train Dice: 0.4854, Train IoU: 0.3288, Val Loss: 0.0209, Val Dice: 0.6230, Val IoU: 0.4583
Checkpoint saved to ckpt/checkpoint_epoch_22.pth
Epoch 23/50: 100%|██████████| 1250/1250 [20:56<00:00,  1.01s/batch, train_loss=0.0244]
Validation: 100%|██████████| 125/125 [00:21<00:00,  5.70batch/s, val_loss=0.0213]
[Epoch 23/50] Train Loss: 0.0244, Train Dice: 0.4938, Train IoU: 0.3368, Val Loss: 0.0213, Val Dice: 0.6172, Val IoU: 0.4524
Checkpoint saved to ckpt/checkpoint_epoch_23.pth
Epoch 24/50: 100%|██████████| 1250/1250 [20:56<00:00,  1.01s/batch, train_loss=0.0241]
Validation: 100%|██████████| 125/125 [00:21<00:00,  5.73batch/s, val_loss=0.0212]
[Epoch 24/50] Train Loss: 0.0241, Train Dice: 0.5002, Train IoU: 0.3419, Val Loss: 0.0212, Val Dice: 0.6173, Val IoU: 0.4517
Checkpoint saved to ckpt/checkpoint_epoch_24.pth
Epoch 25/50: 100%|██████████| 1250/1250 [20:56<00:00,  1.01s/batch, train_loss=0.0239]
Validation: 100%|██████████| 125/125 [00:21<00:00,  5.71batch/s, val_loss=0.0214]
[Epoch 25/50] Train Loss: 0.0239, Train Dice: 0.5020, Train IoU: 0.3439, Val Loss: 0.0214, Val Dice: 0.6352, Val IoU: 0.4711
Checkpoint saved to ckpt/checkpoint_epoch_25.pth
Epoch 26/50: 100%|██████████| 1250/1250 [20:57<00:00,  1.01s/batch, train_loss=0.024] 
Validation: 100%|██████████| 125/125 [00:21<00:00,  5.73batch/s, val_loss=0.0208]
[Epoch 26/50] Train Loss: 0.0240, Train Dice: 0.4984, Train IoU: 0.3408, Val Loss: 0.0208, Val Dice: 0.6434, Val IoU: 0.4796
Checkpoint saved to ckpt/checkpoint_epoch_26.pth
Epoch 27/50: 100%|██████████| 1250/1250 [20:56<00:00,  1.01s/batch, train_loss=0.0237]
Validation: 100%|██████████| 125/125 [00:21<00:00,  5.70batch/s, val_loss=0.0215]
[Epoch 27/50] Train Loss: 0.0237, Train Dice: 0.5079, Train IoU: 0.3491, Val Loss: 0.0215, Val Dice: 0.6365, Val IoU: 0.4721
Checkpoint saved to ckpt/checkpoint_epoch_27.pth
Epoch 28/50: 100%|██████████| 1250/1250 [20:56<00:00,  1.01s/batch, train_loss=0.0236]
Validation: 100%|██████████| 125/125 [00:21<00:00,  5.71batch/s, val_loss=0.0212]
[Epoch 28/50] Train Loss: 0.0236, Train Dice: 0.5091, Train IoU: 0.3503, Val Loss: 0.0212, Val Dice: 0.6370, Val IoU: 0.4737
Checkpoint saved to ckpt/checkpoint_epoch_28.pth
Epoch 29/50: 100%|██████████| 1250/1250 [20:57<00:00,  1.01s/batch, train_loss=0.0235]
Validation: 100%|██████████| 125/125 [00:21<00:00,  5.69batch/s, val_loss=0.0213]
[Epoch 29/50] Train Loss: 0.0235, Train Dice: 0.5142, Train IoU: 0.3549, Val Loss: 0.0213, Val Dice: 0.6315, Val IoU: 0.4665
Checkpoint saved to ckpt/checkpoint_epoch_29.pth
Epoch 30/50: 100%|██████████| 1250/1250 [20:56<00:00,  1.01s/batch, train_loss=0.0233]
Validation: 100%|██████████| 125/125 [00:21<00:00,  5.73batch/s, val_loss=0.0202]
[Epoch 30/50] Train Loss: 0.0233, Train Dice: 0.5185, Train IoU: 0.3588, Val Loss: 0.0202, Val Dice: 0.6390, Val IoU: 0.4751
Checkpoint saved to ckpt/checkpoint_epoch_30.pth
Epoch 31/50: 100%|██████████| 1250/1250 [20:55<00:00,  1.00s/batch, train_loss=0.0234]
Validation: 100%|██████████| 125/125 [00:21<00:00,  5.71batch/s, val_loss=0.0205]
[Epoch 31/50] Train Loss: 0.0234, Train Dice: 0.5161, Train IoU: 0.3573, Val Loss: 0.0205, Val Dice: 0.6499, Val IoU: 0.4868
Checkpoint saved to ckpt/checkpoint_epoch_31.pth
Epoch 32/50: 100%|██████████| 1250/1250 [20:57<00:00,  1.01s/batch, train_loss=0.0231]
Validation: 100%|██████████| 125/125 [00:21<00:00,  5.74batch/s, val_loss=0.0207]
[Epoch 32/50] Train Loss: 0.0231, Train Dice: 0.5195, Train IoU: 0.3607, Val Loss: 0.0207, Val Dice: 0.6575, Val IoU: 0.4946
Checkpoint saved to ckpt/checkpoint_epoch_32.pth
Epoch 33/50: 100%|██████████| 1250/1250 [20:55<00:00,  1.00s/batch, train_loss=0.023] 
Validation: 100%|██████████| 125/125 [00:21<00:00,  5.71batch/s, val_loss=0.0213]
[Epoch 33/50] Train Loss: 0.0230, Train Dice: 0.5274, Train IoU: 0.3674, Val Loss: 0.0213, Val Dice: 0.6584, Val IoU: 0.4962
Checkpoint saved to ckpt/checkpoint_epoch_33.pth
Epoch 34/50: 100%|██████████| 1250/1250 [20:56<00:00,  1.01s/batch, train_loss=0.023] 
Validation: 100%|██████████| 125/125 [00:21<00:00,  5.69batch/s, val_loss=0.0205]
[Epoch 34/50] Train Loss: 0.0230, Train Dice: 0.5222, Train IoU: 0.3632, Val Loss: 0.0205, Val Dice: 0.6470, Val IoU: 0.4833
Checkpoint saved to ckpt/checkpoint_epoch_34.pth
Epoch 35/50: 100%|██████████| 1250/1250 [20:55<00:00,  1.00s/batch, train_loss=0.0229]
Validation: 100%|██████████| 125/125 [00:21<00:00,  5.70batch/s, val_loss=0.0201]
[Epoch 35/50] Train Loss: 0.0229, Train Dice: 0.5270, Train IoU: 0.3675, Val Loss: 0.0201, Val Dice: 0.6483, Val IoU: 0.4857
Checkpoint saved to ckpt/checkpoint_epoch_35.pth
Epoch 36/50: 100%|██████████| 1250/1250 [20:55<00:00,  1.00s/batch, train_loss=0.0226]
Validation: 100%|██████████| 125/125 [00:21<00:00,  5.70batch/s, val_loss=0.0201]
[Epoch 36/50] Train Loss: 0.0226, Train Dice: 0.5342, Train IoU: 0.3735, Val Loss: 0.0201, Val Dice: 0.6605, Val IoU: 0.4978
Checkpoint saved to ckpt/checkpoint_epoch_36.pth
Epoch 37/50: 100%|██████████| 1250/1250 [20:56<00:00,  1.01s/batch, train_loss=0.0228]
Validation: 100%|██████████| 125/125 [00:21<00:00,  5.71batch/s, val_loss=0.0202]
[Epoch 37/50] Train Loss: 0.0228, Train Dice: 0.5297, Train IoU: 0.3694, Val Loss: 0.0202, Val Dice: 0.6663, Val IoU: 0.5050
Checkpoint saved to ckpt/checkpoint_epoch_37.pth
Epoch 38/50: 100%|██████████| 1250/1250 [20:56<00:00,  1.00s/batch, train_loss=0.0229]
Validation: 100%|██████████| 125/125 [00:21<00:00,  5.69batch/s, val_loss=0.0209]
[Epoch 38/50] Train Loss: 0.0229, Train Dice: 0.5252, Train IoU: 0.3657, Val Loss: 0.0209, Val Dice: 0.6672, Val IoU: 0.5060
Checkpoint saved to ckpt/checkpoint_epoch_38.pth
Epoch 39/50: 100%|██████████| 1250/1250 [20:55<00:00,  1.00s/batch, train_loss=0.0224]
Validation: 100%|██████████| 125/125 [00:21<00:00,  5.70batch/s, val_loss=0.0204]
[Epoch 39/50] Train Loss: 0.0224, Train Dice: 0.5418, Train IoU: 0.3808, Val Loss: 0.0204, Val Dice: 0.6732, Val IoU: 0.5127
Checkpoint saved to ckpt/checkpoint_epoch_39.pth
Epoch 40/50: 100%|██████████| 1250/1250 [20:56<00:00,  1.00s/batch, train_loss=0.0222]
Validation: 100%|██████████| 125/125 [00:21<00:00,  5.69batch/s, val_loss=0.021] 
[Epoch 40/50] Train Loss: 0.0222, Train Dice: 0.5450, Train IoU: 0.3842, Val Loss: 0.0210, Val Dice: 0.6312, Val IoU: 0.4673
Checkpoint saved to ckpt/checkpoint_epoch_40.pth
Epoch 41/50: 100%|██████████| 1250/1250 [20:53<00:00,  1.00s/batch, train_loss=0.0222]
Validation: 100%|██████████| 125/125 [00:21<00:00,  5.70batch/s, val_loss=0.0206]
[Epoch 41/50] Train Loss: 0.0222, Train Dice: 0.5421, Train IoU: 0.3817, Val Loss: 0.0206, Val Dice: 0.6549, Val IoU: 0.4927
Checkpoint saved to ckpt/checkpoint_epoch_41.pth
Epoch 42/50: 100%|██████████| 1250/1250 [20:54<00:00,  1.00s/batch, train_loss=0.0212]
Validation: 100%|██████████| 125/125 [00:21<00:00,  5.75batch/s, val_loss=0.0196]
[Epoch 42/50] Train Loss: 0.0212, Train Dice: 0.5676, Train IoU: 0.4059, Val Loss: 0.0196, Val Dice: 0.6769, Val IoU: 0.5172
Checkpoint saved to ckpt/checkpoint_epoch_42.pth
Epoch 43/50: 100%|██████████| 1250/1250 [20:53<00:00,  1.00s/batch, train_loss=0.021] 
Validation: 100%|██████████| 125/125 [00:21<00:00,  5.69batch/s, val_loss=0.0202]
[Epoch 43/50] Train Loss: 0.0210, Train Dice: 0.5730, Train IoU: 0.4117, Val Loss: 0.0202, Val Dice: 0.6826, Val IoU: 0.5245
Checkpoint saved to ckpt/checkpoint_epoch_43.pth
Epoch 44/50: 100%|██████████| 1250/1250 [20:53<00:00,  1.00s/batch, train_loss=0.0206]
Validation: 100%|██████████| 125/125 [00:21<00:00,  5.71batch/s, val_loss=0.0212]
[Epoch 44/50] Train Loss: 0.0206, Train Dice: 0.5832, Train IoU: 0.4217, Val Loss: 0.0212, Val Dice: 0.6817, Val IoU: 0.5230
Checkpoint saved to ckpt/checkpoint_epoch_44.pth
Epoch 45/50: 100%|██████████| 1250/1250 [20:54<00:00,  1.00s/batch, train_loss=0.0205]
Validation: 100%|██████████| 125/125 [00:21<00:00,  5.76batch/s, val_loss=0.0208]
[Epoch 45/50] Train Loss: 0.0205, Train Dice: 0.5869, Train IoU: 0.4257, Val Loss: 0.0208, Val Dice: 0.6883, Val IoU: 0.5305
Checkpoint saved to ckpt/checkpoint_epoch_45.pth
Epoch 46/50: 100%|██████████| 1250/1250 [20:56<00:00,  1.01s/batch, train_loss=0.0205]
Validation: 100%|██████████| 125/125 [00:21<00:00,  5.71batch/s, val_loss=0.0206]
[Epoch 46/50] Train Loss: 0.0205, Train Dice: 0.5860, Train IoU: 0.4244, Val Loss: 0.0206, Val Dice: 0.6863, Val IoU: 0.5283
Checkpoint saved to ckpt/checkpoint_epoch_46.pth
Epoch 47/50: 100%|██████████| 1250/1250 [20:56<00:00,  1.01s/batch, train_loss=0.0202]
Validation: 100%|██████████| 125/125 [00:21<00:00,  5.71batch/s, val_loss=0.0212]
[Epoch 47/50] Train Loss: 0.0202, Train Dice: 0.5930, Train IoU: 0.4312, Val Loss: 0.0212, Val Dice: 0.6831, Val IoU: 0.5246
Checkpoint saved to ckpt/checkpoint_epoch_47.pth
Epoch 48/50: 100%|██████████| 1250/1250 [20:56<00:00,  1.01s/batch, train_loss=0.0201]
Validation: 100%|██████████| 125/125 [00:21<00:00,  5.70batch/s, val_loss=0.0217]
[Epoch 48/50] Train Loss: 0.0201, Train Dice: 0.5946, Train IoU: 0.4331, Val Loss: 0.0217, Val Dice: 0.6829, Val IoU: 0.5239
Checkpoint saved to ckpt/checkpoint_epoch_48.pth
Epoch 49/50: 100%|██████████| 1250/1250 [20:56<00:00,  1.01s/batch, train_loss=0.0194]
Validation: 100%|██████████| 125/125 [00:21<00:00,  5.70batch/s, val_loss=0.0212]
[Epoch 49/50] Train Loss: 0.0194, Train Dice: 0.6149, Train IoU: 0.4540, Val Loss: 0.0212, Val Dice: 0.6902, Val IoU: 0.5331
Checkpoint saved to ckpt/checkpoint_epoch_49.pth
Epoch 50/50: 100%|██████████| 1250/1250 [20:56<00:00,  1.01s/batch, train_loss=0.0197]
Validation: 100%|██████████| 125/125 [00:21<00:00,  5.69batch/s, val_loss=0.021] 
[Epoch 50/50] Train Loss: 0.0197, Train Dice: 0.6095, Train IoU: 0.4481, Val Loss: 0.0210, Val Dice: 0.6879, Val IoU: 0.5300
Checkpoint saved to ckpt/checkpoint_epoch_50.pth